{
"contracts/Raffle.sol":{"l":{"65":3,"66":3,"67":3,"68":3,"69":3,"70":3,"71":3,"72":3,"76":5,"77":1,"79":4,"80":1,"83":3,"86":3,"110":2,"111":2,"112":2,"113":2,"115":2,"117":2,"126":1,"127":1,"128":0,"131":1,"133":1,"140":1,"148":0,"149":0,"150":0,"151":0,"152":0,"153":0,"154":0,"155":0,"156":0,"158":0,"164":6,"168":1,"172":0,"176":1,"180":6,"184":6,"188":0,"192":0,"196":0,"200":0},"path":"/home/fox/Projects/Cripto/Solidity Course FCC/lottery-fcc/contracts/Raffle.sol","s":{"1":5,"2":4,"3":3,"4":3,"5":2,"6":2,"7":2,"8":2,"9":2,"10":1,"11":1,"12":1,"13":1,"14":0,"15":0,"16":0,"17":0,"18":0,"19":6,"20":1,"21":0,"22":1,"23":6,"24":6,"25":0,"26":0,"27":0,"28":0},"b":{"1":[1,4],"2":[1,3],"3":[0,1],"4":[0,0]},"f":{"1":3,"2":5,"3":2,"4":1,"5":0,"6":6,"7":1,"8":0,"9":1,"10":6,"11":6,"12":0,"13":0,"14":0,"15":0},"fnMap":{"1":{"name":"constructor","line":64,"loc":{"start":{"line":57,"column":4},"end":{"line":73,"column":4}}},"2":{"name":"enterRaffle","line":75,"loc":{"start":{"line":75,"column":4},"end":{"line":87,"column":4}}},"3":{"name":"checkUpkeep","line":100,"loc":{"start":{"line":100,"column":4},"end":{"line":118,"column":4}}},"4":{"name":"performUpkeep","line":120,"loc":{"start":{"line":120,"column":4},"end":{"line":141,"column":4}}},"5":{"name":"fulfillRandomWords","line":143,"loc":{"start":{"line":143,"column":4},"end":{"line":159,"column":4}}},"6":{"name":"getEntranceFee","line":163,"loc":{"start":{"line":163,"column":4},"end":{"line":165,"column":4}}},"7":{"name":"getPlayer","line":167,"loc":{"start":{"line":167,"column":4},"end":{"line":169,"column":4}}},"8":{"name":"getRecentWinner","line":171,"loc":{"start":{"line":171,"column":4},"end":{"line":173,"column":4}}},"9":{"name":"getRaffleState","line":175,"loc":{"start":{"line":175,"column":4},"end":{"line":177,"column":4}}},"10":{"name":"getInterval","line":179,"loc":{"start":{"line":179,"column":4},"end":{"line":181,"column":4}}},"11":{"name":"getSubscriptionId","line":183,"loc":{"start":{"line":183,"column":4},"end":{"line":185,"column":4}}},"12":{"name":"getNumWords","line":187,"loc":{"start":{"line":187,"column":4},"end":{"line":189,"column":4}}},"13":{"name":"getNumberOfPlayers","line":191,"loc":{"start":{"line":191,"column":4},"end":{"line":193,"column":4}}},"14":{"name":"getLatestTimeStamp","line":195,"loc":{"start":{"line":195,"column":4},"end":{"line":197,"column":4}}},"15":{"name":"getRequestConfirmations","line":199,"loc":{"start":{"line":199,"column":4},"end":{"line":201,"column":4}}}},"statementMap":{"1":{"start":{"line":76,"column":8},"end":{"line":76,"column":2564}},"2":{"start":{"line":79,"column":8},"end":{"line":79,"column":2665}},"3":{"start":{"line":83,"column":8},"end":{"line":83,"column":42}},"4":{"start":{"line":86,"column":8},"end":{"line":86,"column":36}},"5":{"start":{"line":110,"column":8},"end":{"line":110,"column":57}},"6":{"start":{"line":111,"column":8},"end":{"line":111,"column":75}},"7":{"start":{"line":112,"column":8},"end":{"line":112,"column":48}},"8":{"start":{"line":113,"column":8},"end":{"line":113,"column":53}},"9":{"start":{"line":117,"column":8},"end":{"line":117,"column":36}},"10":{"start":{"line":126,"column":8},"end":{"line":126,"column":47}},"11":{"start":{"line":127,"column":8},"end":{"line":127,"column":4267}},"12":{"start":{"line":133,"column":8},"end":{"line":133,"column":4467}},"13":{"start":{"line":140,"column":8},"end":{"line":140,"column":45}},"14":{"start":{"line":148,"column":8},"end":{"line":148,"column":65}},"15":{"start":{"line":149,"column":8},"end":{"line":149,"column":63}},"16":{"start":{"line":154,"column":8},"end":{"line":154,"column":78}},"17":{"start":{"line":155,"column":8},"end":{"line":155,"column":5268}},"18":{"start":{"line":158,"column":8},"end":{"line":158,"column":38}},"19":{"start":{"line":164,"column":8},"end":{"line":164,"column":28}},"20":{"start":{"line":168,"column":8},"end":{"line":168,"column":31}},"21":{"start":{"line":172,"column":8},"end":{"line":172,"column":29}},"22":{"start":{"line":176,"column":8},"end":{"line":176,"column":28}},"23":{"start":{"line":180,"column":8},"end":{"line":180,"column":25}},"24":{"start":{"line":184,"column":8},"end":{"line":184,"column":31}},"25":{"start":{"line":188,"column":8},"end":{"line":188,"column":24}},"26":{"start":{"line":192,"column":8},"end":{"line":192,"column":31}},"27":{"start":{"line":196,"column":8},"end":{"line":196,"column":30}},"28":{"start":{"line":200,"column":8},"end":{"line":200,"column":36}}},"branchMap":{"1":{"line":76,"type":"if","locations":[{"start":{"line":76,"column":8},"end":{"line":76,"column":8}},{"start":{"line":76,"column":8},"end":{"line":76,"column":8}}]},"2":{"line":79,"type":"if","locations":[{"start":{"line":79,"column":8},"end":{"line":79,"column":8}},{"start":{"line":79,"column":8},"end":{"line":79,"column":8}}]},"3":{"line":127,"type":"if","locations":[{"start":{"line":127,"column":8},"end":{"line":127,"column":8}},{"start":{"line":127,"column":8},"end":{"line":127,"column":8}}]},"4":{"line":155,"type":"if","locations":[{"start":{"line":155,"column":8},"end":{"line":155,"column":8}},{"start":{"line":155,"column":8},"end":{"line":155,"column":8}}]}}},
"contracts/test/VRFCoordinatorV2Mock.sol":{"l":{},"path":"/home/fox/Projects/Cripto/Solidity Course FCC/lottery-fcc/contracts/test/VRFCoordinatorV2Mock.sol","s":{},"b":{},"f":{},"fnMap":{},"statementMap":{},"branchMap":{}}}
