TN:
SF:/home/fox/Projects/Cripto/Solidity Course FCC/lottery-fcc/contracts/Raffle.sol
FN:64,constructor
FN:75,enterRaffle
FN:100,checkUpkeep
FN:120,performUpkeep
FN:143,fulfillRandomWords
FN:163,getEntranceFee
FN:167,getPlayer
FN:171,getRecentWinner
FN:175,getRaffleState
FN:179,getInterval
FN:183,getSubscriptionId
FN:187,getNumWords
FN:191,getNumberOfPlayers
FN:195,getLatestTimeStamp
FN:199,getRequestConfirmations
FNF:15
FNH:9
FNDA:3,constructor
FNDA:5,enterRaffle
FNDA:2,checkUpkeep
FNDA:1,performUpkeep
FNDA:0,fulfillRandomWords
FNDA:6,getEntranceFee
FNDA:1,getPlayer
FNDA:0,getRecentWinner
FNDA:1,getRaffleState
FNDA:6,getInterval
FNDA:6,getSubscriptionId
FNDA:0,getNumWords
FNDA:0,getNumberOfPlayers
FNDA:0,getLatestTimeStamp
FNDA:0,getRequestConfirmations
DA:65,3
DA:66,3
DA:67,3
DA:68,3
DA:69,3
DA:70,3
DA:71,3
DA:72,3
DA:76,5
DA:77,1
DA:79,4
DA:80,1
DA:83,3
DA:86,3
DA:110,2
DA:111,2
DA:112,2
DA:113,2
DA:115,2
DA:117,2
DA:126,1
DA:127,1
DA:128,0
DA:131,1
DA:133,1
DA:140,1
DA:148,0
DA:149,0
DA:150,0
DA:151,0
DA:152,0
DA:153,0
DA:154,0
DA:155,0
DA:156,0
DA:158,0
DA:164,6
DA:168,1
DA:172,0
DA:176,1
DA:180,6
DA:184,6
DA:188,0
DA:192,0
DA:196,0
DA:200,0
LF:46
LH:30
BRDA:76,1,0,1
BRDA:76,1,1,4
BRDA:79,2,0,1
BRDA:79,2,1,3
BRDA:127,3,0,0
BRDA:127,3,1,1
BRDA:155,4,0,0
BRDA:155,4,1,0
BRF:8
BRH:5
end_of_record
TN:
SF:/home/fox/Projects/Cripto/Solidity Course FCC/lottery-fcc/contracts/test/VRFCoordinatorV2Mock.sol
FNF:0
FNH:0
LF:0
LH:0
BRF:0
BRH:0
end_of_record
